#! /c/Source/iverilog-install/bin/vvp
:ivl_version "12.0 (devel)" "(s20150603-1539-g2693dd32b)";
:ivl_delay_selection "TYPICAL";
:vpi_time_precision - 12;
:vpi_module "C:\Users\avila\scoop\apps\iverilog\current\lib\ivl\system.vpi";
:vpi_module "C:\Users\avila\scoop\apps\iverilog\current\lib\ivl\vhdl_sys.vpi";
:vpi_module "C:\Users\avila\scoop\apps\iverilog\current\lib\ivl\vhdl_textio.vpi";
:vpi_module "C:\Users\avila\scoop\apps\iverilog\current\lib\ivl\v2005_math.vpi";
:vpi_module "C:\Users\avila\scoop\apps\iverilog\current\lib\ivl\va_math.vpi";
S_00000208cd137890 .scope module, "softplus4_pla_tb" "softplus4_pla_tb" 2 4;
 .timescale -9 -12;
v00000208cd193ef0_0 .var "clk", 0 0;
v00000208cd193770_0 .var "rst", 0 0;
v00000208cd193950_0 .net/s "segmult0", 31 0, L_00000208cd125260;  1 drivers
v00000208cd193b30_0 .net "segres3", 15 0, L_00000208cd125ea0;  1 drivers
v00000208cd193bd0_0 .var/s "x", 15 0;
v00000208cd193c70_0 .net "y", 15 0, L_00000208cd125650;  1 drivers
S_00000208cd11ec80 .scope module, "uut" "softplus4_pla" 2 14, 3 1 0, S_00000208cd137890;
 .timescale 0 0;
    .port_info 0 /INPUT 1 "clk";
    .port_info 1 /INPUT 1 "rst";
    .port_info 2 /INPUT 16 "x";
    .port_info 3 /OUTPUT 16 "y";
    .port_info 4 /OUTPUT 32 "segmult0";
    .port_info 5 /OUTPUT 32 "segmult1";
    .port_info 6 /OUTPUT 32 "segmult2";
    .port_info 7 /OUTPUT 32 "segmult3";
    .port_info 8 /OUTPUT 16 "segres0";
    .port_info 9 /OUTPUT 16 "segres1";
    .port_info 10 /OUTPUT 16 "segres2";
    .port_info 11 /OUTPUT 16 "segres3";
P_00000208cd11ee10 .param/l "BREAKPOINTS" 1 3 34, +C4<00000110000000000000001100000000000000000000000011111101000000001111101000000000>;
P_00000208cd11ee48 .param/l "FP" 0 3 4, +C4<00000000000000000000000000001000>;
P_00000208cd11ee80 .param/l "INTERCEPTS" 1 3 27, +C4<0000000000011000000000001011000100000000101100010000000000011000>;
P_00000208cd11eeb8 .param/l "SLICES" 0 3 3, +C4<00000000000000000000000000000100>;
P_00000208cd11eef0 .param/l "SLOPES" 1 3 20, +C4<0000000011111100000000001100100100000000001101110000000000000100>;
P_00000208cd11ef28 .param/l "WIDTH" 0 3 2, +C4<00000000000000000000000000010000>;
L_00000208cd125650 .functor BUFZ 16, v00000208cd11f010_0, C4<0000000000000000>, C4<0000000000000000>, C4<0000000000000000>;
v00000208cd194170_3 .array/port v00000208cd194170, 3;
L_00000208cd125ea0 .functor BUFZ 16, v00000208cd194170_3, C4<0000000000000000>, C4<0000000000000000>, C4<0000000000000000>;
v00000208cd194170_2 .array/port v00000208cd194170, 2;
L_00000208cd125180 .functor BUFZ 16, v00000208cd194170_2, C4<0000000000000000>, C4<0000000000000000>, C4<0000000000000000>;
v00000208cd194170_1 .array/port v00000208cd194170, 1;
L_00000208cd1257a0 .functor BUFZ 16, v00000208cd194170_1, C4<0000000000000000>, C4<0000000000000000>, C4<0000000000000000>;
v00000208cd194170_0 .array/port v00000208cd194170, 0;
L_00000208cd125960 .functor BUFZ 16, v00000208cd194170_0, C4<0000000000000000>, C4<0000000000000000>, C4<0000000000000000>;
v00000208cd193400_3 .array/port v00000208cd193400, 3;
L_00000208cd124fc0 .functor BUFZ 32, v00000208cd193400_3, C4<00000000000000000000000000000000>, C4<00000000000000000000000000000000>, C4<00000000000000000000000000000000>;
v00000208cd193400_2 .array/port v00000208cd193400, 2;
L_00000208cd125d50 .functor BUFZ 32, v00000208cd193400_2, C4<00000000000000000000000000000000>, C4<00000000000000000000000000000000>, C4<00000000000000000000000000000000>;
v00000208cd193400_1 .array/port v00000208cd193400, 1;
L_00000208cd1250a0 .functor BUFZ 32, v00000208cd193400_1, C4<00000000000000000000000000000000>, C4<00000000000000000000000000000000>, C4<00000000000000000000000000000000>;
v00000208cd193400_0 .array/port v00000208cd193400, 0;
L_00000208cd125260 .functor BUFZ 32, v00000208cd193400_0, C4<00000000000000000000000000000000>, C4<00000000000000000000000000000000>, C4<00000000000000000000000000000000>;
v00000208cd13bf20_0 .net "clk", 0 0, v00000208cd193ef0_0;  1 drivers
v00000208cd137a20_0 .var/i "i", 31 0;
v00000208cd11ef70_0 .var "mux", 15 0;
v00000208cd11f010_0 .var "mux_reg", 15 0;
v00000208cd193040_0 .net "rst", 0 0, v00000208cd193770_0;  1 drivers
v00000208cd1930e0 .array/s "segmult", 0 3, 31 0;
v00000208cd193180_0 .net/s "segmult0", 31 0, L_00000208cd125260;  alias, 1 drivers
v00000208cd193220_0 .net/s "segmult1", 31 0, L_00000208cd1250a0;  1 drivers
v00000208cd1932c0_0 .net/s "segmult2", 31 0, L_00000208cd125d50;  1 drivers
v00000208cd193360_0 .net/s "segmult3", 31 0, L_00000208cd124fc0;  1 drivers
v00000208cd193400 .array/s "segmult_reg", 0 3, 31 0;
v00000208cd193810 .array "segres", 0 3, 15 0;
v00000208cd193a90_0 .net "segres0", 15 0, L_00000208cd125960;  1 drivers
v00000208cd1940d0_0 .net "segres1", 15 0, L_00000208cd1257a0;  1 drivers
v00000208cd193f90_0 .net "segres2", 15 0, L_00000208cd125180;  1 drivers
v00000208cd1936d0_0 .net "segres3", 15 0, L_00000208cd125ea0;  alias, 1 drivers
v00000208cd194170 .array "segres_reg", 0 3, 15 0;
v00000208cd193590_0 .var "sel", 4 0;
v00000208cd194030_0 .var "sel_reg1", 4 0;
v00000208cd1939f0_0 .var "sel_reg2", 4 0;
v00000208cd194210_0 .net/s "x", 15 0, v00000208cd193bd0_0;  1 drivers
v00000208cd1942b0_0 .var/s "x_reg", 15 0;
v00000208cd1938b0_0 .net "y", 15 0, L_00000208cd125650;  alias, 1 drivers
E_00000208cd139260 .event posedge, v00000208cd193040_0, v00000208cd13bf20_0;
E_00000208cd1394a0/0 .event anyedge, v00000208cd1942b0_0, v00000208cd193400_0, v00000208cd193400_1, v00000208cd193400_2;
E_00000208cd1394a0/1 .event anyedge, v00000208cd193400_3, v00000208cd1939f0_0, v00000208cd194170_0, v00000208cd194170_1;
E_00000208cd1394a0/2 .event anyedge, v00000208cd194170_2, v00000208cd194170_3;
E_00000208cd1394a0 .event/or E_00000208cd1394a0/0, E_00000208cd1394a0/1, E_00000208cd1394a0/2;
    .scope S_00000208cd11ec80;
T_0 ;
    %wait E_00000208cd1394a0;
    %pushi/vec4 0, 0, 32;
    %store/vec4 v00000208cd137a20_0, 0, 32;
T_0.0 ;
    %load/vec4 v00000208cd137a20_0;
    %cmpi/s 5, 0, 32;
    %jmp/0xz T_0.1, 5;
    %pushi/vec4 3221250048, 0, 37;
    %concati/vec4 4244699648, 0, 43;
    %load/vec4 v00000208cd137a20_0;
    %muli 16, 0, 32;
    %part/s 16;
    %load/vec4 v00000208cd1942b0_0;
    %cmp/s;
    %flag_get/vec4 5;
    %ix/getv/s 4, v00000208cd137a20_0;
    %store/vec4 v00000208cd193590_0, 4, 1;
    %load/vec4 v00000208cd137a20_0;
    %addi 1, 0, 32;
    %store/vec4 v00000208cd137a20_0, 0, 32;
    %jmp T_0.0;
T_0.1 ;
    %pushi/vec4 0, 0, 32;
    %store/vec4 v00000208cd137a20_0, 0, 32;
T_0.2 ;
    %load/vec4 v00000208cd137a20_0;
    %cmpi/s 4, 0, 32;
    %jmp/0xz T_0.3, 5;
    %load/vec4 v00000208cd1942b0_0;
    %pad/s 32;
    %pushi/vec4 4227909888, 0, 40;
    %concati/vec4 3604484, 0, 24;
    %load/vec4 v00000208cd137a20_0;
    %muli 16, 0, 32;
    %part/s 16;
    %pad/s 32;
    %mul;
    %ix/getv/s 4, v00000208cd137a20_0;
    %store/vec4a v00000208cd1930e0, 4, 0;
    %load/vec4 v00000208cd137a20_0;
    %addi 1, 0, 32;
    %store/vec4 v00000208cd137a20_0, 0, 32;
    %jmp T_0.2;
T_0.3 ;
    %pushi/vec4 0, 0, 32;
    %store/vec4 v00000208cd137a20_0, 0, 32;
T_0.4 ;
    %load/vec4 v00000208cd137a20_0;
    %cmpi/s 4, 0, 32;
    %jmp/0xz T_0.5, 5;
    %ix/getv/s 4, v00000208cd137a20_0;
    %load/vec4a v00000208cd193400, 4;
    %ix/load 4, 8, 0;
    %flag_set/imm 4, 0;
    %shiftr 4;
    %pushi/vec4 3221587973, 0, 43;
    %concati/vec4 1114136, 0, 21;
    %load/vec4 v00000208cd137a20_0;
    %muli 16, 0, 32;
    %part/s 16;
    %pad/s 32;
    %add;
    %pad/s 16;
    %ix/getv/s 4, v00000208cd137a20_0;
    %store/vec4a v00000208cd193810, 4, 0;
    %load/vec4 v00000208cd137a20_0;
    %addi 1, 0, 32;
    %store/vec4 v00000208cd137a20_0, 0, 32;
    %jmp T_0.4;
T_0.5 ;
    %pushi/vec4 0, 0, 16;
    %store/vec4 v00000208cd11ef70_0, 0, 16;
    %load/vec4 v00000208cd1939f0_0;
    %cmpi/e 0, 0, 5;
    %jmp/0xz  T_0.6, 4;
    %pushi/vec4 0, 0, 16;
    %store/vec4 v00000208cd11ef70_0, 0, 16;
    %jmp T_0.7;
T_0.6 ;
    %load/vec4 v00000208cd1939f0_0;
    %cmpi/e 31, 0, 5;
    %jmp/0xz  T_0.8, 4;
    %ix/load 4, 3, 0;
    %flag_set/imm 4, 0;
    %load/vec4a v00000208cd194170, 4;
    %store/vec4 v00000208cd11ef70_0, 0, 16;
    %jmp T_0.9;
T_0.8 ;
    %pushi/vec4 0, 0, 32;
    %store/vec4 v00000208cd137a20_0, 0, 32;
T_0.10 ;
    %load/vec4 v00000208cd137a20_0;
    %cmpi/s 4, 0, 32;
    %jmp/0xz T_0.11, 5;
    %load/vec4 v00000208cd1939f0_0;
    %pad/u 32;
    %pushi/vec4 1, 0, 32;
    %load/vec4 v00000208cd137a20_0;
    %addi 1, 0, 32;
    %ix/vec4 4;
    %shiftl 4;
    %subi 1, 0, 32;
    %cmp/e;
    %jmp/0xz  T_0.12, 4;
    %ix/getv/s 4, v00000208cd137a20_0;
    %load/vec4a v00000208cd194170, 4;
    %store/vec4 v00000208cd11ef70_0, 0, 16;
T_0.12 ;
    %load/vec4 v00000208cd137a20_0;
    %addi 1, 0, 32;
    %store/vec4 v00000208cd137a20_0, 0, 32;
    %jmp T_0.10;
T_0.11 ;
T_0.9 ;
T_0.7 ;
    %jmp T_0;
    .thread T_0, $push;
    .scope S_00000208cd11ec80;
T_1 ;
    %wait E_00000208cd139260;
    %load/vec4 v00000208cd193040_0;
    %flag_set/vec4 8;
    %jmp/0xz  T_1.0, 8;
    %pushi/vec4 0, 0, 16;
    %assign/vec4 v00000208cd1942b0_0, 0;
    %pushi/vec4 0, 0, 5;
    %assign/vec4 v00000208cd194030_0, 0;
    %pushi/vec4 0, 0, 32;
    %store/vec4 v00000208cd137a20_0, 0, 32;
T_1.2 ;
    %load/vec4 v00000208cd137a20_0;
    %cmpi/s 4, 0, 32;
    %jmp/0xz T_1.3, 5;
    %pushi/vec4 0, 0, 32;
    %ix/getv/s 3, v00000208cd137a20_0;
    %ix/load 4, 0, 0; Constant delay
    %assign/vec4/a/d v00000208cd193400, 0, 4;
    %load/vec4 v00000208cd137a20_0;
    %addi 1, 0, 32;
    %store/vec4 v00000208cd137a20_0, 0, 32;
    %jmp T_1.2;
T_1.3 ;
    %pushi/vec4 0, 0, 5;
    %assign/vec4 v00000208cd1939f0_0, 0;
    %pushi/vec4 0, 0, 32;
    %store/vec4 v00000208cd137a20_0, 0, 32;
T_1.4 ;
    %load/vec4 v00000208cd137a20_0;
    %cmpi/s 4, 0, 32;
    %jmp/0xz T_1.5, 5;
    %pushi/vec4 0, 0, 16;
    %ix/getv/s 3, v00000208cd137a20_0;
    %ix/load 4, 0, 0; Constant delay
    %assign/vec4/a/d v00000208cd194170, 0, 4;
    %load/vec4 v00000208cd137a20_0;
    %addi 1, 0, 32;
    %store/vec4 v00000208cd137a20_0, 0, 32;
    %jmp T_1.4;
T_1.5 ;
    %pushi/vec4 0, 0, 16;
    %assign/vec4 v00000208cd11f010_0, 0;
    %jmp T_1.1;
T_1.0 ;
    %load/vec4 v00000208cd194210_0;
    %assign/vec4 v00000208cd1942b0_0, 0;
    %load/vec4 v00000208cd193590_0;
    %assign/vec4 v00000208cd194030_0, 0;
    %pushi/vec4 0, 0, 32;
    %store/vec4 v00000208cd137a20_0, 0, 32;
T_1.6 ;
    %load/vec4 v00000208cd137a20_0;
    %cmpi/s 4, 0, 32;
    %jmp/0xz T_1.7, 5;
    %ix/getv/s 4, v00000208cd137a20_0;
    %load/vec4a v00000208cd1930e0, 4;
    %ix/getv/s 3, v00000208cd137a20_0;
    %ix/load 4, 0, 0; Constant delay
    %assign/vec4/a/d v00000208cd193400, 0, 4;
    %load/vec4 v00000208cd137a20_0;
    %addi 1, 0, 32;
    %store/vec4 v00000208cd137a20_0, 0, 32;
    %jmp T_1.6;
T_1.7 ;
    %load/vec4 v00000208cd194030_0;
    %assign/vec4 v00000208cd1939f0_0, 0;
    %pushi/vec4 0, 0, 32;
    %store/vec4 v00000208cd137a20_0, 0, 32;
T_1.8 ;
    %load/vec4 v00000208cd137a20_0;
    %cmpi/s 4, 0, 32;
    %jmp/0xz T_1.9, 5;
    %ix/getv/s 4, v00000208cd137a20_0;
    %load/vec4a v00000208cd193810, 4;
    %ix/getv/s 3, v00000208cd137a20_0;
    %ix/load 4, 0, 0; Constant delay
    %assign/vec4/a/d v00000208cd194170, 0, 4;
    %load/vec4 v00000208cd137a20_0;
    %addi 1, 0, 32;
    %store/vec4 v00000208cd137a20_0, 0, 32;
    %jmp T_1.8;
T_1.9 ;
    %load/vec4 v00000208cd11ef70_0;
    %assign/vec4 v00000208cd11f010_0, 0;
T_1.1 ;
    %jmp T_1;
    .thread T_1;
    .scope S_00000208cd137890;
T_2 ;
    %pushi/vec4 0, 0, 1;
    %store/vec4 v00000208cd193ef0_0, 0, 1;
T_2.0 ;
    %delay 5000, 0;
    %load/vec4 v00000208cd193ef0_0;
    %inv;
    %store/vec4 v00000208cd193ef0_0, 0, 1;
    %jmp T_2.0;
    %end;
    .thread T_2;
    .scope S_00000208cd137890;
T_3 ;
    %vpi_call 2 29 "$dumpfile", "softplus4_pla_tb.vcd" {0 0 0};
    %vpi_call 2 30 "$dumpvars", 32'sb00000000000000000000000000000000, S_00000208cd137890 {0 0 0};
    %pushi/vec4 1, 0, 1;
    %store/vec4 v00000208cd193770_0, 0, 1;
    %pushi/vec4 0, 0, 16;
    %store/vec4 v00000208cd193bd0_0, 0, 16;
    %delay 20000, 0;
    %pushi/vec4 0, 0, 1;
    %store/vec4 v00000208cd193770_0, 0, 1;
    %delay 10000, 0;
    %pushi/vec4 63744, 0, 16;
    %store/vec4 v00000208cd193bd0_0, 0, 16;
    %delay 10000, 0;
    %pushi/vec4 64256, 0, 16;
    %store/vec4 v00000208cd193bd0_0, 0, 16;
    %delay 10000, 0;
    %pushi/vec4 64512, 0, 16;
    %store/vec4 v00000208cd193bd0_0, 0, 16;
    %delay 10000, 0;
    %pushi/vec4 64768, 0, 16;
    %store/vec4 v00000208cd193bd0_0, 0, 16;
    %delay 10000, 0;
    %pushi/vec4 65024, 0, 16;
    %store/vec4 v00000208cd193bd0_0, 0, 16;
    %delay 10000, 0;
    %pushi/vec4 65152, 0, 16;
    %store/vec4 v00000208cd193bd0_0, 0, 16;
    %delay 10000, 0;
    %pushi/vec4 65280, 0, 16;
    %store/vec4 v00000208cd193bd0_0, 0, 16;
    %delay 10000, 0;
    %pushi/vec4 0, 0, 16;
    %store/vec4 v00000208cd193bd0_0, 0, 16;
    %delay 10000, 0;
    %pushi/vec4 256, 0, 16;
    %store/vec4 v00000208cd193bd0_0, 0, 16;
    %delay 10000, 0;
    %pushi/vec4 384, 0, 16;
    %store/vec4 v00000208cd193bd0_0, 0, 16;
    %delay 10000, 0;
    %pushi/vec4 512, 0, 16;
    %store/vec4 v00000208cd193bd0_0, 0, 16;
    %delay 10000, 0;
    %pushi/vec4 768, 0, 16;
    %store/vec4 v00000208cd193bd0_0, 0, 16;
    %delay 10000, 0;
    %pushi/vec4 1024, 0, 16;
    %store/vec4 v00000208cd193bd0_0, 0, 16;
    %delay 10000, 0;
    %pushi/vec4 1280, 0, 16;
    %store/vec4 v00000208cd193bd0_0, 0, 16;
    %delay 10000, 0;
    %pushi/vec4 1792, 0, 16;
    %store/vec4 v00000208cd193bd0_0, 0, 16;
    %delay 50000, 0;
    %vpi_call 2 58 "$finish" {0 0 0};
    %end;
    .thread T_3;
# The file index is used to find the file name in the following table.
:file_names 4;
    "N/A";
    "<interactive>";
    "softplus4_pla_tb.v";
    "./softplus4_pla.v";
