#! /c/Source/iverilog-install/bin/vvp
:ivl_version "12.0 (devel)" "(s20150603-1539-g2693dd32b)";
:ivl_delay_selection "TYPICAL";
:vpi_time_precision - 12;
:vpi_module "C:\Users\avila\scoop\apps\iverilog\current\lib\ivl\system.vpi";
:vpi_module "C:\Users\avila\scoop\apps\iverilog\current\lib\ivl\vhdl_sys.vpi";
:vpi_module "C:\Users\avila\scoop\apps\iverilog\current\lib\ivl\vhdl_textio.vpi";
:vpi_module "C:\Users\avila\scoop\apps\iverilog\current\lib\ivl\v2005_math.vpi";
:vpi_module "C:\Users\avila\scoop\apps\iverilog\current\lib\ivl\va_math.vpi";
S_0000021d4de406a0 .scope module, "softplus8_pla_tb" "softplus8_pla_tb" 2 4;
 .timescale -9 -12;
v0000021d4deb5f90_0 .var "clk", 0 0;
v0000021d4deb5270_0 .var "rst", 0 0;
v0000021d4deb5310_0 .net/s "segmult0", 31 0, L_0000021d4de4e520;  1 drivers
v0000021d4deb5450_0 .net "segres3", 15 0, L_0000021d4de4dbf0;  1 drivers
v0000021d4deb5a90_0 .var/s "x", 15 0;
v0000021d4deb5590_0 .net "y", 15 0, L_0000021d4de4e830;  1 drivers
S_0000021d4de40830 .scope module, "uut" "softplus8_pla" 2 14, 3 1 0, S_0000021d4de406a0;
 .timescale 0 0;
    .port_info 0 /INPUT 1 "clk";
    .port_info 1 /INPUT 1 "rst";
    .port_info 2 /INPUT 16 "x";
    .port_info 3 /OUTPUT 16 "y";
    .port_info 4 /OUTPUT 32 "segmult0";
    .port_info 5 /OUTPUT 32 "segmult1";
    .port_info 6 /OUTPUT 32 "segmult2";
    .port_info 7 /OUTPUT 32 "segmult3";
    .port_info 8 /OUTPUT 16 "segres0";
    .port_info 9 /OUTPUT 16 "segres1";
    .port_info 10 /OUTPUT 16 "segres2";
    .port_info 11 /OUTPUT 16 "segres3";
P_0000021d4de409c0 .param/l "BREAKPOINTS" 1 3 42, +C4<000001100000000000000100100000000000001100000000000000011000000000000000000000001111111010000000111111010000000011111011100000001111101000000000>;
P_0000021d4de409f8 .param/l "FP" 0 3 4, +C4<00000000000000000000000000001000>;
P_0000021d4de40a30 .param/l "INTERCEPTS" 1 3 31, +C4<00000000000010010000000000100000000000000101101100000000101100010000000010110001000000000101101100000000001000000000000000001001>;
P_0000021d4de40a68 .param/l "SLICES" 0 3 3, +C4<00000000000000000000000000001000>;
P_0000021d4de40aa0 .param/l "SLOPES" 1 3 20, +C4<00000000111111110000000011111010000000001110011000000000101011000000000001010100000000000001101000000000000001100000000000000001>;
P_0000021d4de40ad8 .param/l "WIDTH" 0 3 2, +C4<00000000000000000000000000010000>;
L_0000021d4de4e830 .functor BUFZ 16, v0000021d4de26ba0_0, C4<0000000000000000>, C4<0000000000000000>, C4<0000000000000000>;
v0000021d4deb5b30_3 .array/port v0000021d4deb5b30, 3;
L_0000021d4de4dbf0 .functor BUFZ 16, v0000021d4deb5b30_3, C4<0000000000000000>, C4<0000000000000000>, C4<0000000000000000>;
v0000021d4deb5b30_2 .array/port v0000021d4deb5b30, 2;
L_0000021d4de4e8a0 .functor BUFZ 16, v0000021d4deb5b30_2, C4<0000000000000000>, C4<0000000000000000>, C4<0000000000000000>;
v0000021d4deb5b30_1 .array/port v0000021d4deb5b30, 1;
L_0000021d4de4e1a0 .functor BUFZ 16, v0000021d4deb5b30_1, C4<0000000000000000>, C4<0000000000000000>, C4<0000000000000000>;
v0000021d4deb5b30_0 .array/port v0000021d4deb5b30, 0;
L_0000021d4de4df00 .functor BUFZ 16, v0000021d4deb5b30_0, C4<0000000000000000>, C4<0000000000000000>, C4<0000000000000000>;
v0000021d4deb54f0_3 .array/port v0000021d4deb54f0, 3;
L_0000021d4de4e4b0 .functor BUFZ 32, v0000021d4deb54f0_3, C4<00000000000000000000000000000000>, C4<00000000000000000000000000000000>, C4<00000000000000000000000000000000>;
v0000021d4deb54f0_2 .array/port v0000021d4deb54f0, 2;
L_0000021d4de4e9f0 .functor BUFZ 32, v0000021d4deb54f0_2, C4<00000000000000000000000000000000>, C4<00000000000000000000000000000000>, C4<00000000000000000000000000000000>;
v0000021d4deb54f0_1 .array/port v0000021d4deb54f0, 1;
L_0000021d4de4e590 .functor BUFZ 32, v0000021d4deb54f0_1, C4<00000000000000000000000000000000>, C4<00000000000000000000000000000000>, C4<00000000000000000000000000000000>;
v0000021d4deb54f0_0 .array/port v0000021d4deb54f0, 0;
L_0000021d4de4e520 .functor BUFZ 32, v0000021d4deb54f0_0, C4<00000000000000000000000000000000>, C4<00000000000000000000000000000000>, C4<00000000000000000000000000000000>;
v0000021d4de55d10_0 .net "clk", 0 0, v0000021d4deb5f90_0;  1 drivers
v0000021d4de55db0_0 .var/i "i", 31 0;
v0000021d4de26b00_0 .var "mux", 15 0;
v0000021d4de26ba0_0 .var "mux_reg", 15 0;
v0000021d4de26c40_0 .net "rst", 0 0, v0000021d4deb5270_0;  1 drivers
v0000021d4de26ce0 .array/s "segmult", 0 7, 31 0;
v0000021d4de26d80_0 .net/s "segmult0", 31 0, L_0000021d4de4e520;  alias, 1 drivers
v0000021d4de26e20_0 .net/s "segmult1", 31 0, L_0000021d4de4e590;  1 drivers
v0000021d4de26ec0_0 .net/s "segmult2", 31 0, L_0000021d4de4e9f0;  1 drivers
v0000021d4deb5040_0 .net/s "segmult3", 31 0, L_0000021d4de4e4b0;  1 drivers
v0000021d4deb54f0 .array/s "segmult_reg", 0 7, 31 0;
v0000021d4deb5db0 .array "segres", 0 7, 15 0;
v0000021d4deb5bd0_0 .net "segres0", 15 0, L_0000021d4de4df00;  1 drivers
v0000021d4deb5d10_0 .net "segres1", 15 0, L_0000021d4de4e1a0;  1 drivers
v0000021d4deb5e50_0 .net "segres2", 15 0, L_0000021d4de4e8a0;  1 drivers
v0000021d4deb51d0_0 .net "segres3", 15 0, L_0000021d4de4dbf0;  alias, 1 drivers
v0000021d4deb5b30 .array "segres_reg", 0 7, 15 0;
v0000021d4deb5c70_0 .var "sel", 8 0;
v0000021d4deb5130_0 .var "sel_reg1", 8 0;
v0000021d4deb56d0_0 .var "sel_reg2", 8 0;
v0000021d4deb5ef0_0 .net/s "x", 15 0, v0000021d4deb5a90_0;  1 drivers
v0000021d4deb53b0_0 .var/s "x_reg", 15 0;
v0000021d4deb6030_0 .net "y", 15 0, L_0000021d4de4e830;  alias, 1 drivers
E_0000021d4de5ade0 .event posedge, v0000021d4de26c40_0, v0000021d4de55d10_0;
E_0000021d4de5aa20/0 .event anyedge, v0000021d4deb53b0_0, v0000021d4deb54f0_0, v0000021d4deb54f0_1, v0000021d4deb54f0_2;
v0000021d4deb54f0_4 .array/port v0000021d4deb54f0, 4;
v0000021d4deb54f0_5 .array/port v0000021d4deb54f0, 5;
v0000021d4deb54f0_6 .array/port v0000021d4deb54f0, 6;
E_0000021d4de5aa20/1 .event anyedge, v0000021d4deb54f0_3, v0000021d4deb54f0_4, v0000021d4deb54f0_5, v0000021d4deb54f0_6;
v0000021d4deb54f0_7 .array/port v0000021d4deb54f0, 7;
E_0000021d4de5aa20/2 .event anyedge, v0000021d4deb54f0_7, v0000021d4deb56d0_0, v0000021d4deb5b30_0, v0000021d4deb5b30_1;
v0000021d4deb5b30_4 .array/port v0000021d4deb5b30, 4;
v0000021d4deb5b30_5 .array/port v0000021d4deb5b30, 5;
E_0000021d4de5aa20/3 .event anyedge, v0000021d4deb5b30_2, v0000021d4deb5b30_3, v0000021d4deb5b30_4, v0000021d4deb5b30_5;
v0000021d4deb5b30_6 .array/port v0000021d4deb5b30, 6;
v0000021d4deb5b30_7 .array/port v0000021d4deb5b30, 7;
E_0000021d4de5aa20/4 .event anyedge, v0000021d4deb5b30_6, v0000021d4deb5b30_7;
E_0000021d4de5aa20 .event/or E_0000021d4de5aa20/0, E_0000021d4de5aa20/1, E_0000021d4de5aa20/2, E_0000021d4de5aa20/3, E_0000021d4de5aa20/4;
    .scope S_0000021d4de40830;
T_0 ;
    %wait E_0000021d4de5aa20;
    %pushi/vec4 0, 0, 32;
    %store/vec4 v0000021d4de55db0_0, 0, 32;
T_0.0 ;
    %load/vec4 v0000021d4de55db0_0;
    %cmpi/s 9, 0, 32;
    %jmp/0xz T_0.1, 5;
    %pushi/vec4 3221262336, 0, 37;
    %concati/vec4 3221250048, 0, 33;
    %concati/vec4 4269866240, 0, 42;
    %concati/vec4 4219533824, 0, 32;
    %load/vec4 v0000021d4de55db0_0;
    %muli 16, 0, 32;
    %part/s 16;
    %load/vec4 v0000021d4deb53b0_0;
    %cmp/s;
    %flag_get/vec4 5;
    %ix/getv/s 4, v0000021d4de55db0_0;
    %store/vec4 v0000021d4deb5c70_0, 4, 1;
    %load/vec4 v0000021d4de55db0_0;
    %addi 1, 0, 32;
    %store/vec4 v0000021d4de55db0_0, 0, 32;
    %jmp T_0.0;
T_0.1 ;
    %pushi/vec4 0, 0, 32;
    %store/vec4 v0000021d4de55db0_0, 0, 32;
T_0.2 ;
    %load/vec4 v0000021d4de55db0_0;
    %cmpi/s 8, 0, 32;
    %jmp/0xz T_0.3, 5;
    %load/vec4 v0000021d4deb53b0_0;
    %pad/s 32;
    %pushi/vec4 4278254080, 0, 40;
    %concati/vec4 3858803712, 0, 32;
    %concati/vec4 2818585600, 0, 33;
    %concati/vec4 393217, 0, 23;
    %load/vec4 v0000021d4de55db0_0;
    %muli 16, 0, 32;
    %part/s 16;
    %pad/s 32;
    %mul;
    %ix/getv/s 4, v0000021d4de55db0_0;
    %store/vec4a v0000021d4de26ce0, 4, 0;
    %load/vec4 v0000021d4de55db0_0;
    %addi 1, 0, 32;
    %store/vec4 v0000021d4de55db0_0, 0, 32;
    %jmp T_0.2;
T_0.3 ;
    %pushi/vec4 0, 0, 32;
    %store/vec4 v0000021d4de55db0_0, 0, 32;
T_0.4 ;
    %load/vec4 v0000021d4de55db0_0;
    %cmpi/s 8, 0, 32;
    %jmp/0xz T_0.5, 5;
    %ix/getv/s 4, v0000021d4de55db0_0;
    %load/vec4a v0000021d4deb54f0, 4;
    %ix/load 4, 8, 0;
    %flag_set/imm 4, 0;
    %shiftr 4;
    %pushi/vec4 2416050181, 0, 44;
    %concati/vec4 2953515019, 0, 32;
    %concati/vec4 2150465552, 0, 35;
    %concati/vec4 9, 0, 17;
    %load/vec4 v0000021d4de55db0_0;
    %muli 16, 0, 32;
    %part/s 16;
    %pad/s 32;
    %add;
    %pad/s 16;
    %ix/getv/s 4, v0000021d4de55db0_0;
    %store/vec4a v0000021d4deb5db0, 4, 0;
    %load/vec4 v0000021d4de55db0_0;
    %addi 1, 0, 32;
    %store/vec4 v0000021d4de55db0_0, 0, 32;
    %jmp T_0.4;
T_0.5 ;
    %pushi/vec4 0, 0, 16;
    %store/vec4 v0000021d4de26b00_0, 0, 16;
    %load/vec4 v0000021d4deb56d0_0;
    %cmpi/e 0, 0, 9;
    %jmp/0xz  T_0.6, 4;
    %pushi/vec4 0, 0, 16;
    %store/vec4 v0000021d4de26b00_0, 0, 16;
    %jmp T_0.7;
T_0.6 ;
    %load/vec4 v0000021d4deb56d0_0;
    %cmpi/e 511, 0, 9;
    %jmp/0xz  T_0.8, 4;
    %ix/load 4, 7, 0;
    %flag_set/imm 4, 0;
    %load/vec4a v0000021d4deb5b30, 4;
    %store/vec4 v0000021d4de26b00_0, 0, 16;
    %jmp T_0.9;
T_0.8 ;
    %pushi/vec4 0, 0, 32;
    %store/vec4 v0000021d4de55db0_0, 0, 32;
T_0.10 ;
    %load/vec4 v0000021d4de55db0_0;
    %cmpi/s 8, 0, 32;
    %jmp/0xz T_0.11, 5;
    %load/vec4 v0000021d4deb56d0_0;
    %pad/u 32;
    %pushi/vec4 1, 0, 32;
    %load/vec4 v0000021d4de55db0_0;
    %addi 1, 0, 32;
    %ix/vec4 4;
    %shiftl 4;
    %subi 1, 0, 32;
    %cmp/e;
    %jmp/0xz  T_0.12, 4;
    %ix/getv/s 4, v0000021d4de55db0_0;
    %load/vec4a v0000021d4deb5b30, 4;
    %store/vec4 v0000021d4de26b00_0, 0, 16;
T_0.12 ;
    %load/vec4 v0000021d4de55db0_0;
    %addi 1, 0, 32;
    %store/vec4 v0000021d4de55db0_0, 0, 32;
    %jmp T_0.10;
T_0.11 ;
T_0.9 ;
T_0.7 ;
    %jmp T_0;
    .thread T_0, $push;
    .scope S_0000021d4de40830;
T_1 ;
    %wait E_0000021d4de5ade0;
    %load/vec4 v0000021d4de26c40_0;
    %flag_set/vec4 8;
    %jmp/0xz  T_1.0, 8;
    %pushi/vec4 0, 0, 16;
    %assign/vec4 v0000021d4deb53b0_0, 0;
    %pushi/vec4 0, 0, 9;
    %assign/vec4 v0000021d4deb5130_0, 0;
    %pushi/vec4 0, 0, 32;
    %store/vec4 v0000021d4de55db0_0, 0, 32;
T_1.2 ;
    %load/vec4 v0000021d4de55db0_0;
    %cmpi/s 8, 0, 32;
    %jmp/0xz T_1.3, 5;
    %pushi/vec4 0, 0, 32;
    %ix/getv/s 3, v0000021d4de55db0_0;
    %ix/load 4, 0, 0; Constant delay
    %assign/vec4/a/d v0000021d4deb54f0, 0, 4;
    %load/vec4 v0000021d4de55db0_0;
    %addi 1, 0, 32;
    %store/vec4 v0000021d4de55db0_0, 0, 32;
    %jmp T_1.2;
T_1.3 ;
    %pushi/vec4 0, 0, 9;
    %assign/vec4 v0000021d4deb56d0_0, 0;
    %pushi/vec4 0, 0, 32;
    %store/vec4 v0000021d4de55db0_0, 0, 32;
T_1.4 ;
    %load/vec4 v0000021d4de55db0_0;
    %cmpi/s 8, 0, 32;
    %jmp/0xz T_1.5, 5;
    %pushi/vec4 0, 0, 16;
    %ix/getv/s 3, v0000021d4de55db0_0;
    %ix/load 4, 0, 0; Constant delay
    %assign/vec4/a/d v0000021d4deb5b30, 0, 4;
    %load/vec4 v0000021d4de55db0_0;
    %addi 1, 0, 32;
    %store/vec4 v0000021d4de55db0_0, 0, 32;
    %jmp T_1.4;
T_1.5 ;
    %pushi/vec4 0, 0, 16;
    %assign/vec4 v0000021d4de26ba0_0, 0;
    %jmp T_1.1;
T_1.0 ;
    %load/vec4 v0000021d4deb5ef0_0;
    %assign/vec4 v0000021d4deb53b0_0, 0;
    %load/vec4 v0000021d4deb5c70_0;
    %assign/vec4 v0000021d4deb5130_0, 0;
    %pushi/vec4 0, 0, 32;
    %store/vec4 v0000021d4de55db0_0, 0, 32;
T_1.6 ;
    %load/vec4 v0000021d4de55db0_0;
    %cmpi/s 8, 0, 32;
    %jmp/0xz T_1.7, 5;
    %ix/getv/s 4, v0000021d4de55db0_0;
    %load/vec4a v0000021d4de26ce0, 4;
    %ix/getv/s 3, v0000021d4de55db0_0;
    %ix/load 4, 0, 0; Constant delay
    %assign/vec4/a/d v0000021d4deb54f0, 0, 4;
    %load/vec4 v0000021d4de55db0_0;
    %addi 1, 0, 32;
    %store/vec4 v0000021d4de55db0_0, 0, 32;
    %jmp T_1.6;
T_1.7 ;
    %load/vec4 v0000021d4deb5130_0;
    %assign/vec4 v0000021d4deb56d0_0, 0;
    %pushi/vec4 0, 0, 32;
    %store/vec4 v0000021d4de55db0_0, 0, 32;
T_1.8 ;
    %load/vec4 v0000021d4de55db0_0;
    %cmpi/s 8, 0, 32;
    %jmp/0xz T_1.9, 5;
    %ix/getv/s 4, v0000021d4de55db0_0;
    %load/vec4a v0000021d4deb5db0, 4;
    %ix/getv/s 3, v0000021d4de55db0_0;
    %ix/load 4, 0, 0; Constant delay
    %assign/vec4/a/d v0000021d4deb5b30, 0, 4;
    %load/vec4 v0000021d4de55db0_0;
    %addi 1, 0, 32;
    %store/vec4 v0000021d4de55db0_0, 0, 32;
    %jmp T_1.8;
T_1.9 ;
    %load/vec4 v0000021d4de26b00_0;
    %assign/vec4 v0000021d4de26ba0_0, 0;
T_1.1 ;
    %jmp T_1;
    .thread T_1;
    .scope S_0000021d4de406a0;
T_2 ;
    %pushi/vec4 0, 0, 1;
    %store/vec4 v0000021d4deb5f90_0, 0, 1;
T_2.0 ;
    %delay 5000, 0;
    %load/vec4 v0000021d4deb5f90_0;
    %inv;
    %store/vec4 v0000021d4deb5f90_0, 0, 1;
    %jmp T_2.0;
    %end;
    .thread T_2;
    .scope S_0000021d4de406a0;
T_3 ;
    %vpi_call 2 29 "$dumpfile", "softplus8_pla_tb.vcd" {0 0 0};
    %vpi_call 2 30 "$dumpvars", 32'sb00000000000000000000000000000000, S_0000021d4de406a0 {0 0 0};
    %pushi/vec4 1, 0, 1;
    %store/vec4 v0000021d4deb5270_0, 0, 1;
    %pushi/vec4 0, 0, 16;
    %store/vec4 v0000021d4deb5a90_0, 0, 16;
    %delay 20000, 0;
    %pushi/vec4 0, 0, 1;
    %store/vec4 v0000021d4deb5270_0, 0, 1;
    %delay 10000, 0;
    %pushi/vec4 63744, 0, 16;
    %store/vec4 v0000021d4deb5a90_0, 0, 16;
    %delay 10000, 0;
    %pushi/vec4 64256, 0, 16;
    %store/vec4 v0000021d4deb5a90_0, 0, 16;
    %delay 10000, 0;
    %pushi/vec4 64512, 0, 16;
    %store/vec4 v0000021d4deb5a90_0, 0, 16;
    %delay 10000, 0;
    %pushi/vec4 64768, 0, 16;
    %store/vec4 v0000021d4deb5a90_0, 0, 16;
    %delay 10000, 0;
    %pushi/vec4 65024, 0, 16;
    %store/vec4 v0000021d4deb5a90_0, 0, 16;
    %delay 10000, 0;
    %pushi/vec4 65152, 0, 16;
    %store/vec4 v0000021d4deb5a90_0, 0, 16;
    %delay 10000, 0;
    %pushi/vec4 65280, 0, 16;
    %store/vec4 v0000021d4deb5a90_0, 0, 16;
    %delay 10000, 0;
    %pushi/vec4 0, 0, 16;
    %store/vec4 v0000021d4deb5a90_0, 0, 16;
    %delay 10000, 0;
    %pushi/vec4 256, 0, 16;
    %store/vec4 v0000021d4deb5a90_0, 0, 16;
    %delay 10000, 0;
    %pushi/vec4 384, 0, 16;
    %store/vec4 v0000021d4deb5a90_0, 0, 16;
    %delay 10000, 0;
    %pushi/vec4 512, 0, 16;
    %store/vec4 v0000021d4deb5a90_0, 0, 16;
    %delay 10000, 0;
    %pushi/vec4 768, 0, 16;
    %store/vec4 v0000021d4deb5a90_0, 0, 16;
    %delay 10000, 0;
    %pushi/vec4 1024, 0, 16;
    %store/vec4 v0000021d4deb5a90_0, 0, 16;
    %delay 10000, 0;
    %pushi/vec4 1280, 0, 16;
    %store/vec4 v0000021d4deb5a90_0, 0, 16;
    %delay 10000, 0;
    %pushi/vec4 1792, 0, 16;
    %store/vec4 v0000021d4deb5a90_0, 0, 16;
    %delay 50000, 0;
    %vpi_call 2 58 "$finish" {0 0 0};
    %end;
    .thread T_3;
# The file index is used to find the file name in the following table.
:file_names 4;
    "N/A";
    "<interactive>";
    "softplus8_pla_tb.v";
    "./softplus8_pla.v";
